#
# There is insufficient memory for the Java Runtime Environment to continue.
# Native memory allocation (mmap) failed to map 134217728 bytes for G1 virtual space
# Possible reasons:
#   The system is out of physical RAM or swap space
#   The process is running with CompressedOops enabled, and the Java Heap may be blocking the growth of the native heap
# Possible solutions:
#   Reduce memory load on the system
#   Increase physical memory or swap space
#   Check if swap backing store is full
#   Decrease Java heap size (-Xmx/-Xms)
#   Decrease number of Java threads
#   Decrease Java thread stack sizes (-Xss)
#   Set larger code cache with -XX:ReservedCodeCacheSize=
#   JVM is running with Unscaled Compressed Oops mode in which the Java heap is
#     placed in the first 4GB address space. The Java Heap base address is the
#     maximum limit for the native heap growth. Please use -XX:HeapBaseMinAddress
#     to set the Java Heap base and to place the Java Heap above 4GB virtual address.
# This output file may be truncated or incomplete.
#
#  Out of Memory Error (os_windows.cpp:3469), pid=7036, tid=12292
#
# JRE version:  (17.0+35) (build )
# Java VM: Java HotSpot(TM) 64-Bit Server VM (17+35-LTS-2724, mixed mode, sharing, tiered, compressed oops, compressed class ptrs, g1 gc, windows-amd64)
# No core dump will be written. Minidumps are not enabled by default on client versions of Windows
#

---------------  S U M M A R Y ------------

Command Line: -Dfile.encoding=UTF-8 -XX:+ShowCodeDetailsInExceptionMessages asm3.HumanResource

Host: Intel(R) Core(TM) i5-5200U CPU @ 2.20GHz, 4 cores, 7G,  Windows 10 , 64 bit Build 19041 (10.0.19041.1202)
Time: Tue Oct 12 22:44:16 2021 SE Asia Standard Time elapsed time: 0.015182 seconds (0d 0h 0m 0s)

---------------  T H R E A D  ---------------

Current thread (0x00000280159fea70):  JavaThread "Unknown thread" [_thread_in_vm, id=12292, stack(0x0000008dfc600000,0x0000008dfc700000)]

Stack: [0x0000008dfc600000,0x0000008dfc700000]
Native frames: (J=compiled Java code, j=interpreted, Vv=VM code, C=native code)
V  [jvm.dll+0x66f8ea]
V  [jvm.dll+0x7ce224]
V  [jvm.dll+0x7cf9ce]
V  [jvm.dll+0x7d0033]
V  [jvm.dll+0x242bb5]
V  [jvm.dll+0x66c909]
V  [jvm.dll+0x6613d2]
V  [jvm.dll+0x30082b]
V  [jvm.dll+0x307db6]
V  [jvm.dll+0x357a0e]
V  [jvm.dll+0x357c3f]
V  [jvm.dll+0x2d7ae8]
V  [jvm.dll+0x2d8a54]
V  [jvm.dll+0x7a00a1]
V  [jvm.dll+0x365781]
V  [jvm.dll+0x77f59c]
V  [jvm.dll+0x3e805f]
V  [jvm.dll+0x3e9b01]
C  [jli.dll+0x527b]
C  [ucrtbase.dll+0x21bb2]
C  [KERNEL32.DLL+0x17034]
C  [ntdll.dll+0x52651]


---------------  P R O C E S S  ---------------

Threads class SMR info:
_java_thread_list=0x00007ffc5a447818, length=0, elements={
}

Java Threads: ( => current thread )

Other Threads:
  0x0000028015a37f20 GCTaskThread "GC Thread#0" [stack: 0x0000008dfc700000,0x0000008dfc800000] [id=4884]
  0x0000028015a4b670 ConcurrentGCThread "G1 Main Marker" [stack: 0x0000008dfc800000,0x0000008dfc900000] [id=16632]
  0x0000028015a4bf90 ConcurrentGCThread "G1 Conc#0" [stack: 0x0000008dfc900000,0x0000008dfca00000] [id=1176]

[error occurred during error reporting (printing all threads), id 0xc0000005, EXCEPTION_ACCESS_VIOLATION (0xc0000005) at pc=0x00007ffc59c984c7]

VM state: not at safepoint (not fully initialized)

VM Mutex/Monitor currently owned by a thread:  ([mutex/lock_event])
[0x00000280159fab90] Heap_lock - owner thread: 0x00000280159fea70

Heap address: 0x0000000081600000, size: 2026 MB, Compressed Oops mode: 32-bit

CDS archive(s) mapped at: [0x0000000000000000-0x0000000000000000-0x0000000000000000), size 0, SharedBaseAddress: 0x0000000800000000, ArchiveRelocationMode: 0.
Narrow klass base: 0x0000000000000000, Narrow klass shift: 0, Narrow klass range: 0x0

GC Precious Log:
<Empty>

Heap:
 garbage-first heap   total 0K, used 0K [0x0000000081600000, 0x0000000100000000)
  region size 1024K, 0 young (0K), 0 survivors (0K)

[error occurred during error reporting (printing heap information), id 0xc0000005, EXCEPTION_ACCESS_VIOLATION (0xc0000005) at pc=0x00007ffc5a078c59]

GC Heap History (0 events):
No events

Deoptimization events (0 events):
No events

Classes unloaded (0 events):
No events

Classes redefined (0 events):
No events

Internal exceptions (0 events):
No events

VM Operations (0 events):
No events

Events (1 events):
Event: 0.011 Loaded shared library C:\Program Files\Java\jdk-17\bin\java.dll


Dynamic libraries:
0x00007ff6911b0000 - 0x00007ff6911c0000 	C:\Program Files\Java\jdk-17\bin\javaw.exe
0x00007ffcb8f10000 - 0x00007ffcb9105000 	C:\WINDOWS\SYSTEM32\ntdll.dll
0x00007ffcb8630000 - 0x00007ffcb86ee000 	C:\WINDOWS\System32\KERNEL32.DLL
0x00007ffcb6ae0000 - 0x00007ffcb6da9000 	C:\WINDOWS\System32\KERNELBASE.dll
0x00007ffcb69e0000 - 0x00007ffcb6ae0000 	C:\WINDOWS\System32\ucrtbase.dll
0x00007ffcb2500000 - 0x00007ffcb2518000 	C:\Program Files\Java\jdk-17\bin\jli.dll
0x00007ffcb71c0000 - 0x00007ffcb726c000 	C:\WINDOWS\System32\ADVAPI32.dll
0x00007ffcb7d80000 - 0x00007ffcb7e1e000 	C:\WINDOWS\System32\msvcrt.dll
0x00007ffcb70f0000 - 0x00007ffcb718b000 	C:\WINDOWS\System32\sechost.dll
0x00007ffcb7c50000 - 0x00007ffcb7d7a000 	C:\WINDOWS\System32\RPCRT4.dll
0x00007ffcb83c0000 - 0x00007ffcb8561000 	C:\WINDOWS\System32\USER32.dll
0x00007ffcb6870000 - 0x00007ffcb6892000 	C:\WINDOWS\System32\win32u.dll
0x00007ffcb73a0000 - 0x00007ffcb73cb000 	C:\WINDOWS\System32\GDI32.dll
0x00007ffcb68d0000 - 0x00007ffcb69db000 	C:\WINDOWS\System32\gdi32full.dll
0x00007ffcb6db0000 - 0x00007ffcb6e4d000 	C:\WINDOWS\System32\msvcp_win.dll
0x00007ffca9030000 - 0x00007ffca92ca000 	C:\WINDOWS\WinSxS\amd64_microsoft.windows.common-controls_6595b64144ccf1df_6.0.19041.1110_none_60b5254171f9507e\COMCTL32.dll
0x00007ffcafd90000 - 0x00007ffcafdaa000 	C:\Program Files\Java\jdk-17\bin\VCRUNTIME140.dll
0x00007ffcb0980000 - 0x00007ffcb098a000 	C:\WINDOWS\SYSTEM32\VERSION.dll
0x00007ffcb7190000 - 0x00007ffcb71c0000 	C:\WINDOWS\System32\IMM32.DLL
0x00007ffcb24f0000 - 0x00007ffcb24fc000 	C:\Program Files\Java\jdk-17\bin\vcruntime140_1.dll
0x00007ffcafce0000 - 0x00007ffcafd6d000 	C:\Program Files\Java\jdk-17\bin\msvcp140.dll
0x00007ffc599b0000 - 0x00007ffc5a56e000 	C:\Program Files\Java\jdk-17\bin\server\jvm.dll
0x00007ffcb7e20000 - 0x00007ffcb7e28000 	C:\WINDOWS\System32\PSAPI.DLL
0x00007ffcb2450000 - 0x00007ffcb2459000 	C:\WINDOWS\SYSTEM32\WSOCK32.dll
0x00007ffcb80c0000 - 0x00007ffcb812b000 	C:\WINDOWS\System32\WS2_32.dll
0x00007ffcad750000 - 0x00007ffcad777000 	C:\WINDOWS\SYSTEM32\WINMM.dll
0x00007ffcb4530000 - 0x00007ffcb4542000 	C:\WINDOWS\SYSTEM32\kernel.appcore.dll
0x00007ffcb1b20000 - 0x00007ffcb1b2a000 	C:\Program Files\Java\jdk-17\bin\jimage.dll
0x00007ffca0550000 - 0x00007ffca0734000 	C:\WINDOWS\SYSTEM32\DBGHELP.DLL
0x00007ffca10b0000 - 0x00007ffca10dc000 	C:\WINDOWS\SYSTEM32\dbgcore.DLL
0x00007ffcb6680000 - 0x00007ffcb6703000 	C:\WINDOWS\System32\bcryptPrimitives.dll
0x00007ffcafcb0000 - 0x00007ffcafcd5000 	C:\Program Files\Java\jdk-17\bin\java.dll

dbghelp: loaded successfully - version: 4.0.5 - missing functions: none
symbol engine: initialized successfully - sym options: 0x614 - pdb path: .;C:\Program Files\Java\jdk-17\bin;C:\WINDOWS\SYSTEM32;C:\WINDOWS\WinSxS\amd64_microsoft.windows.common-controls_6595b64144ccf1df_6.0.19041.1110_none_60b5254171f9507e;C:\Program Files\Java\jdk-17\bin\server

VM Arguments:
jvm_args: -Dfile.encoding=UTF-8 -XX:+ShowCodeDetailsInExceptionMessages 
java_command: asm3.HumanResource
java_class_path (initial): D:\workspace\Asm3\bin
Launcher Type: SUN_STANDARD

[Global flags]
     intx CICompilerCount                          = 3                                         {product} {ergonomic}
     uint ConcGCThreads                            = 1                                         {product} {ergonomic}
     uint G1ConcRefinementThreads                  = 4                                         {product} {ergonomic}
   size_t G1HeapRegionSize                         = 1048576                                   {product} {ergonomic}
    uintx GCDrainStackTargetSize                   = 64                                        {product} {ergonomic}
   size_t InitialHeapSize                          = 134217728                                 {product} {ergonomic}
   size_t MarkStackSize                            = 4194304                                   {product} {ergonomic}
   size_t MaxHeapSize                              = 2124414976                                {product} {ergonomic}
   size_t MinHeapDeltaBytes                        = 1048576                                   {product} {ergonomic}
   size_t MinHeapSize                              = 8388608                                   {product} {ergonomic}
    uintx NonNMethodCodeHeapSize                   = 5832780                                {pd product} {ergonomic}
    uintx NonProfiledCodeHeapSize                  = 122912730                              {pd product} {ergonomic}
    uintx ProfiledCodeHeapSize                     = 122912730                              {pd product} {ergonomic}
    uintx ReservedCodeCacheSize                    = 251658240                              {pd product} {ergonomic}
     bool SegmentedCodeCache                       = true                                      {product} {ergonomic}
     bool ShowCodeDetailsInExceptionMessages       = true                                   {manageable} {command line}
   size_t SoftMaxHeapSize                          = 2124414976                             {manageable} {ergonomic}
     bool UseCompressedClassPointers               = true                           {product lp64_product} {ergonomic}
     bool UseCompressedOops                        = true                           {product lp64_product} {ergonomic}
     bool UseG1GC                                  = true                                      {product} {ergonomic}
     bool UseLargePagesIndividualAllocation        = false                                  {pd product} {ergonomic}

Logging:
Log output configuration:
 #0: stdout all=warning uptime,level,tags
 #1: stderr all=off uptime,level,tags

Environment Variables:
JAVA_HOME=C:\Program Files\Java\jdk-17
PATH=C:\Program Files\Common Files\Oracle\Java\javapath;C:\WINDOWS\system32;C:\WINDOWS;C:\WINDOWS\System32\Wbem;C:\WINDOWS\System32\WindowsPowerShell\v1.0\;C:\WINDOWS\System32\OpenSSH\;C:\Program Files\dotnet\;C:\Program Files\Microsoft SQL Server\130\Tools\Binn\;C:\Program Files\Microsoft SQL Server\Client SDK\ODBC\170\Tools\Binn\;D:\MinGW\bin;C:\Program Files\Git\cmd;C:\Users\Dell\AppData\Local\Programs\Python\Python39\Scripts\;C:\Users\Dell\AppData\Local\Programs\Python\Python39\;C:\Users\Dell\AppData\Local\Microsoft\WindowsApps;C:\Users\Dell\.dotnet\tools;;C:\Users\Dell\AppData\Local\Programs\Microsoft VS Code\bin
USERNAME=Dell
OS=Windows_NT
PROCESSOR_IDENTIFIER=Intel64 Family 6 Model 61 Stepping 4, GenuineIntel



---------------  S Y S T E M  ---------------

OS:
 Windows 10 , 64 bit Build 19041 (10.0.19041.1202)
OS uptime: 5 days 13:11 hours

CPU: total 4 (initial active 4) (2 cores per cpu, 2 threads per core) family 6 model 61 stepping 4 microcode 0x2d, cx8, cmov, fxsr, ht, mmx, 3dnowpref, sse, sse2, sse3, ssse3, sse4.1, sse4.2, popcnt, lzcnt, tsc, tscinvbit, avx, avx2, aes, erms, clmul, bmi1, bmi2, adx, fma, vzeroupper, clflush

Memory: 4k page, system-wide physical 8102M (1967M free)
TotalPageFile size 20521M (AvailPageFile size 87M)
current process WorkingSet (physical memory assigned to process): 10M, peak: 10M
current process commit charge ("private bytes"): 51M, peak: 179M

vm_info: Java HotSpot(TM) 64-Bit Server VM (17+35-LTS-2724) for windows-amd64 JRE (17+35-LTS-2724), built on Aug  5 2021 23:28:28 by "mach5one" with MS VC++ 16.8 (VS2019)

END.
